<?xml version="1.0" encoding="UTF-8"?>
<beans
        xmlns="http://www.springframework.org/schema/beans"
        xmlns:xsi="http://www.w3.org/2001/XMLSchema-instance"
        xmlns:util="http://www.springframework.org/schema/util"
        xmlns:aop="http://www.springframework.org/schema/aop"
        xmlns:tx="http://www.springframework.org/schema/tx"
        xmlns:lang="http://www.springframework.org/schema/lang"
        xmlns:jms="http://www.springframework.org/schema/jms"
        xmlns:jee="http://www.springframework.org/schema/jee"
        xmlns:context="http://www.springframework.org/schema/context"
        xmlns:cotext="http://www.springframework.org/schema/context"
        xsi:schemaLocation="
	http://www.springframework.org/schema/beans http://www.springframework.org/schema/beans/spring-beans-3.0.xsd
	http://www.springframework.org/schema/util http://www.springframework.org/schema/util/spring-util-3.0.xsd
	http://www.springframework.org/schema/aop http://www.springframework.org/schema/aop/spring-aop-3.0.xsd
	http://www.springframework.org/schema/tx http://www.springframework.org/schema/tx/spring-tx-3.0.xsd
	http://www.springframework.org/schema/lang http://www.springframework.org/schema/lang/spring-lang-3.0.xsd
	http://www.springframework.org/schema/jms http://www.springframework.org/schema/jms/spring-jms-3.0.xsd
	http://www.springframework.org/schema/jee http://www.springframework.org/schema/jee/spring-jee-3.0.xsd
	http://www.springframework.org/schema/context http://www.springframework.org/schema/context/spring-context-3.0.xsd
	"
        >

    <!-- Placeholder config -->
    <context:property-placeholder location="classpath:test.properties" />

    <cotext:component-scan base-package="pl.com.softproject.przelewy24.service"/>
    <context:annotation-config/>

    <bean id="restTemplate" class="org.springframework.web.client.RestTemplate">
        <property name="messageConverters">
            <list>
                <bean class="org.springframework.http.converter.FormHttpMessageConverter"/>
                <bean class="org.springframework.http.converter.StringHttpMessageConverter" />
                <!--<bean class="org.springframework.http.converter.json.MappingJackson2HttpMessageConverter"/>-->
            </list>
        </property>
    </bean>

    <bean class="pl.com.softproject.przelewy24.controller.ConfirmationCallbackMock">

    </bean>

</beans>
