<?xml version="1.0" encoding="UTF-8"?>
<beans
        xmlns="http://www.springframework.org/schema/beans"
        xmlns:xsi="http://www.w3.org/2001/XMLSchema-instance"
        xmlns:util="http://www.springframework.org/schema/util"
        xmlns:aop="http://www.springframework.org/schema/aop"
        xmlns:tx="http://www.springframework.org/schema/tx"
        xmlns:lang="http://www.springframework.org/schema/lang"
        xmlns:jms="http://www.springframework.org/schema/jms"
        xmlns:jee="http://www.springframework.org/schema/jee"
        xmlns:jpa="http://www.springframework.org/schema/data/jpa"
        xmlns:jdbc="http://www.springframework.org/schema/jdbc"
        xmlns:context="http://www.springframework.org/schema/context"
        xmlns:cotext="http://www.springframework.org/schema/context"
        xsi:schemaLocation="
	http://www.springframework.org/schema/beans http://www.springframework.org/schema/beans/spring-beans-3.0.xsd
	http://www.springframework.org/schema/util http://www.springframework.org/schema/util/spring-util-3.0.xsd
	http://www.springframework.org/schema/aop http://www.springframework.org/schema/aop/spring-aop-3.0.xsd
	http://www.springframework.org/schema/tx http://www.springframework.org/schema/tx/spring-tx-3.0.xsd
	http://www.springframework.org/schema/lang http://www.springframework.org/schema/lang/spring-lang-3.0.xsd
	http://www.springframework.org/schema/jms http://www.springframework.org/schema/jms/spring-jms-3.0.xsd
	http://www.springframework.org/schema/jee http://www.springframework.org/schema/jee/spring-jee-3.0.xsd
	http://www.springframework.org/schema/context http://www.springframework.org/schema/context/spring-context-3.0.xsd
	http://www.springframework.org/schema/jdbc http://www.springframework.org/schema/jdbc/spring-jdbc-3.0.xsd
	http://www.springframework.org/schema/data/jpa http://www.springframework.org/schema/data/jpa/spring-jpa-1.3.xsd
	"
        >

    <!-- Placeholder config -->
    <context:property-placeholder location="classpath:test.properties" />

    <cotext:component-scan base-package="pl.com.softproject.przelewy24.service, pl.com.softproject.commons.payment.service"/>
    <context:annotation-config/>

    <jpa:repositories base-package="pl.com.softproject.commons.payment.dao"/>

    <bean id="restTemplate" class="org.springframework.web.client.RestTemplate">
        <property name="messageConverters">
            <list>
                <bean class="org.springframework.http.converter.FormHttpMessageConverter"/>
                <bean class="org.springframework.http.converter.StringHttpMessageConverter" />
                <!--<bean class="org.springframework.http.converter.json.MappingJackson2HttpMessageConverter"/>-->
            </list>
        </property>
    </bean>

    <bean class="pl.com.softproject.przelewy24.controller.ConfirmationCallbackMock">

    </bean>

    <jdbc:embedded-database id="dataSource" type="H2">

    </jdbc:embedded-database>

    <bean id="entityManagerFactory"
          class="org.springframework.orm.jpa.LocalContainerEntityManagerFactoryBean">
        <property name="dataSource" ref="dataSource"/>
        <property name="packagesToScan"
                  value="pl.com.softproject.commons.payment.model"/>
        <property name="jpaProperties">
            <props>
                <prop key="hibernate.default_schema">PUBLIC</prop>
                <prop key="hibernate.hbm2ddl.auto">create</prop>
                <prop key="hibernate.hbm2ddl.import_files">sql/data.sql</prop>
                <prop key="hibernate.format_sql">true</prop>
                <prop key="org.hibernate.envers.audit_table_suffix">_AUDIT</prop>
                <prop key="org.hibernate.envers.default_schema">audit</prop>
            </props>
        </property>
        <property name="jpaVendorAdapter">
            <bean class="org.springframework.orm.jpa.vendor.HibernateJpaVendorAdapter">
                <property name="database" value="H2"/>
                <property name="showSql" value="true"/>
            </bean>
        </property>
    </bean>

    <bean id="transactionManager" class="org.springframework.orm.jpa.JpaTransactionManager">
        <property name="entityManagerFactory" ref="entityManagerFactory"/>
    </bean>

</beans>
