<?xml version="1.0" encoding="UTF-8"?>
<beans xmlns="http://www.springframework.org/schema/beans"
       xmlns:xsi="http://www.w3.org/2001/XMLSchema-instance"
       xsi:schemaLocation="http://www.springframework.org/schema/beans
   http://www.springframework.org/schema/beans/spring-beans-3.0.xsd">

     <bean id="mailSender" class="org.springframework.mail.javamail.JavaMailSenderImpl">
        <property name="host" value="poczta.o2.pl" />
        <property name="port" value="587" />
        <property name="username" value="...." />
        <property name="password" value="......" />
        <property name="protocol" value="smtp" />
        <property name="javaMailProperties">
            <props>
                <prop key="mail.smtp.auth">true</prop>
            </props>
        </property>
    
    </bean>
    
    <import resource="classpath:email-velocity-integration.xml" />

</beans>